[debug] [2018-11-25T02:30:12.121Z] ----------------------------------------------------------------------
[debug] [2018-11-25T02:30:12.123Z] Command:       /usr/local/bin/node /usr/local/bin/firebase init
[debug] [2018-11-25T02:30:12.123Z] CLI Version:   6.1.1
[debug] [2018-11-25T02:30:12.123Z] Platform:      darwin
[debug] [2018-11-25T02:30:12.123Z] Node Version:  v8.11.1
[debug] [2018-11-25T02:30:12.123Z] Time:          Sat Nov 24 2018 21:30:12 GMT-0500 (EST)
[debug] [2018-11-25T02:30:12.123Z] ----------------------------------------------------------------------
[debug] 
[debug] [2018-11-25T02:30:12.130Z] > command requires scopes: ["email","openid","https://www.googleapis.com/auth/cloudplatformprojects.readonly","https://www.googleapis.com/auth/firebase","https://www.googleapis.com/auth/cloud-platform"]
[debug] [2018-11-25T02:30:12.131Z] > authorizing via signed-in user
[info] 
     ######## #### ########  ######## ########     ###     ######  ########
     ##        ##  ##     ## ##       ##     ##  ##   ##  ##       ##
     ######    ##  ########  ######   ########  #########  ######  ######
     ##        ##  ##    ##  ##       ##     ## ##     ##       ## ##
     ##       #### ##     ## ######## ########  ##     ##  ######  ########

You're about to initialize a Firebase project in this directory:

  /Users/birdinc/Development/Steem/build-with-steem/destination_folder/neocities-steemit

[info] 
=== Project Setup
[info] 
[info] First, let's associate this project directory with a Firebase project.
[info] You can create multiple project aliases by running firebase use --add, 
[info] but for now we'll just set up a default project.
[info] 
[debug] [2018-11-25T02:30:15.704Z] > refreshing access token with scopes: ["email","https://www.googleapis.com/auth/cloud-platform","https://www.googleapis.com/auth/cloudplatformprojects.readonly","https://www.googleapis.com/auth/firebase","openid"]
[debug] [2018-11-25T02:30:15.704Z] >>> HTTP REQUEST POST https://www.googleapis.com/oauth2/v3/token  
 <request body omitted>
[debug] [2018-11-25T02:30:16.003Z] <<< HTTP RESPONSE 200
[debug] [2018-11-25T02:30:16.026Z] >>> HTTP REQUEST GET https://firebase.googleapis.com/v1beta1/projects?page_size=100  
 
[debug] [2018-11-25T02:30:16.559Z] <<< HTTP RESPONSE 200
